<?xml version="1.0" encoding="UTF-8"?>
<testsuite name="com.rick.MainTest" tests="1" skipped="0" failures="0" errors="0" timestamp="2017-02-13T09:02:29" hostname="user-PC" time="0.006">
  <properties/>
  <testcase name="test" classname="com.rick.MainTest" time="0.006"/>
  <system-out><![CDATA[]]></system-out>
  <system-err><![CDATA[]]></system-err>
</testsuite>
